<?xml version="1.0" encoding="UTF-8"?>
<testsuite xmlns:xsi="http://www.w3.org/2001/XMLSchema-instance" xsi:noNamespaceSchemaLocation="https://maven.apache.org/surefire/maven-surefire-plugin/xsd/surefire-test-report-3.0.xsd" version="3.0" name="es.ull.flights.FlightsTest" time="0.088" tests="11" errors="0" skipped="0" failures="0">
  <properties>
[...]
</properties>
  <testcase name="testNotEnoughSeats" classname="es.ull.flights.FlightsTest" time="0.04"/>
  <testcase name="testNumberOfPassengersAfterRemoving" classname="es.ull.flights.FlightsTest" time="0.002"/>
  <testcase name="testAddPassengerToFullFlight" classname="es.ull.flights.FlightsTest" time="0.002"/>
  <testcase name="testInitializeFlight" classname="es.ull.flights.FlightsTest" time="0.002"/>
  <testcase name="testRemoveNonExistentPassenger" classname="es.ull.flights.FlightsTest" time="0.002"/>
  <testcase name="testAddPassenger" classname="es.ull.flights.FlightsTest" time="0.001"/>
  <testcase name="testNumberOfPassengers" classname="es.ull.flights.FlightsTest" time="0"/>
  <testcase name="testInvalidCountryCode" classname="es.ull.flights.FlightsTest" time="0.002"/>
  <testcase name="testRemovePassengerFromFullFlight" classname="es.ull.flights.FlightsTest" time="0.001"/>
  <testcase name="testRemovePassenger" classname="es.ull.flights.FlightsTest" time="0"/>
  <testcase name="testValidFlightNumber" classname="es.ull.flights.FlightsTest" time="0.001"/>
</testsuite>